0 info it worked if it ends with ok
1 verbose cli [ '/Users/batayao/.nvm/versions/node/v6.0.0/bin/node',
1 verbose cli   '/Users/batayao/.nvm/versions/node/v6.0.0/bin/npm',
1 verbose cli   'run',
1 verbose cli   'dev' ]
2 info using npm@3.8.6
3 info using node@v6.0.0
4 verbose run-script [ 'predev', 'dev', 'postdev' ]
5 info lifecycle lib-uploader@0.0.7~predev: lib-uploader@0.0.7
6 silly lifecycle lib-uploader@0.0.7~predev: no script for predev, continuing
7 info lifecycle lib-uploader@0.0.7~dev: lib-uploader@0.0.7
8 verbose lifecycle lib-uploader@0.0.7~dev: unsafe-perm in lifecycle true
9 verbose lifecycle lib-uploader@0.0.7~dev: PATH: /Users/batayao/.nvm/versions/node/v6.0.0/lib/node_modules/npm/bin/node-gyp-bin:/Users/batayao/luobata/libs/lib-uploader/node_modules/.bin:/Users/batayao/.nvm/versions/node/v6.0.0/bin:/Users/batayao/.nvm/versions/node/v6.0.0/bin:/opt/local/bin:/usr/local/bin:/usr/bin:/bin:/usr/sbin:/sbin:/usr/local/go/bin
10 verbose lifecycle lib-uploader@0.0.7~dev: CWD: /Users/batayao/luobata/libs/lib-uploader
11 silly lifecycle lib-uploader@0.0.7~dev: Args: [ '-c', 'rollup -w -c build/rollup.config.js' ]
12 silly lifecycle lib-uploader@0.0.7~dev: Returned: code: 1  signal: null
13 info lifecycle lib-uploader@0.0.7~dev: Failed to exec dev script
14 verbose stack Error: lib-uploader@0.0.7 dev: `rollup -w -c build/rollup.config.js`
14 verbose stack Exit status 1
14 verbose stack     at EventEmitter.<anonymous> (/Users/batayao/.nvm/versions/node/v6.0.0/lib/node_modules/npm/lib/utils/lifecycle.js:239:16)
14 verbose stack     at emitTwo (events.js:106:13)
14 verbose stack     at EventEmitter.emit (events.js:191:7)
14 verbose stack     at ChildProcess.<anonymous> (/Users/batayao/.nvm/versions/node/v6.0.0/lib/node_modules/npm/lib/utils/spawn.js:24:14)
14 verbose stack     at emitTwo (events.js:106:13)
14 verbose stack     at ChildProcess.emit (events.js:191:7)
14 verbose stack     at maybeClose (internal/child_process.js:850:16)
14 verbose stack     at Process.ChildProcess._handle.onexit (internal/child_process.js:215:5)
15 verbose pkgid lib-uploader@0.0.7
16 verbose cwd /Users/batayao/luobata/libs/lib-uploader
17 error Darwin 16.0.0
18 error argv "/Users/batayao/.nvm/versions/node/v6.0.0/bin/node" "/Users/batayao/.nvm/versions/node/v6.0.0/bin/npm" "run" "dev"
19 error node v6.0.0
20 error npm  v3.8.6
21 error code ELIFECYCLE
22 error lib-uploader@0.0.7 dev: `rollup -w -c build/rollup.config.js`
22 error Exit status 1
23 error Failed at the lib-uploader@0.0.7 dev script 'rollup -w -c build/rollup.config.js'.
23 error Make sure you have the latest version of node.js and npm installed.
23 error If you do, this is most likely a problem with the lib-uploader package,
23 error not with npm itself.
23 error Tell the author that this fails on your system:
23 error     rollup -w -c build/rollup.config.js
23 error You can get information on how to open an issue for this project with:
23 error     npm bugs lib-uploader
23 error Or if that isn't available, you can get their info via:
23 error     npm owner ls lib-uploader
23 error There is likely additional logging output above.
24 verbose exit [ 1, true ]
